Arguments: 
  /Users/arbolista/.nvm/versions/node/v6.5.0/bin/node /usr/local/bin/yarn

PATH: 
  /Users/arbolista/Applications/google-cloud-sdk/bin:/Users/arbolista/anaconda/bin:/Developer/NVIDIA/CUDA-8.0.61/bin:/Users/arbolista/Applications:/Users/arbolista/.nvm/versions/node/v6.5.0/bin:/Users/arbolista/.rvm/gems/ruby-2.3.0/bin:/Users/arbolista/.rvm/gems/ruby-2.3.0@global/bin:/Users/arbolista/.rvm/rubies/ruby-2.3.0/bin:/usr/local/bin:/usr/bin:/bin:/usr/sbin:/sbin:/usr/local/mysql/bin:/opt/X11/bin:/usr/local/go/bin:/Users/arbolista/.rvm/bin:/Users/arbolista/Code/golang/bin

Yarn version: 
  0.23.4

Node version: 
  6.5.0

Platform: 
  darwin x64

npm manifest: 
  {
    "name": "generator-spike",
    "version": "0.0.1",
    "description": "Generator for React apps, reducers, components, and mock api.",
    "main": "index.js",
    "scripts": {
      "test": "echo \"Error: no test specified\" && exit 1"
    },
    "files": [
      "dist/generators"
    ],
    "keywords": [
      "React",
      "Redux",
      "yeoman-generator",
      "scaffloding"
    ],
    "author": "",
    "dependencies": {
      "yeoman": ">= 1.0.0"
    },
    "devDependencies": {
      "chai": ">= 3.5.0",
      "mocha": ">= 3.4.1"
    },
    "license": "MIT"
  }

yarn manifest: 
  No manifest

Lockfile: 
  No lockfile

Trace: 
  Error: http://github.com/yeoman/generators/archive/0.9.5.tar.gz: Request failed "404 Not Found"
      at Request.handleRequestError (/usr/local/Cellar/yarn/0.23.4/libexec/lib/fetchers/tarball-fetcher.js:205:20)
      at emitOne (events.js:96:13)
      at Request.emit (events.js:188:7)
      at Request.onRequestResponse (/usr/local/Cellar/yarn/0.23.4/libexec/node_modules/request/request.js:1074:10)
      at emitOne (events.js:96:13)
      at ClientRequest.emit (events.js:188:7)
      at HTTPParser.parserOnIncomingClient [as onIncoming] (_http_client.js:472:21)
      at HTTPParser.parserOnHeadersComplete (_http_common.js:105:23)
      at TLSSocket.socketOnData (_http_client.js:361:20)
      at emitOne (events.js:96:13)
      at TLSSocket.emit (events.js:188:7)
